Using pre-set license

 COMMAND LINE ARGUMENTS:
/Users/alina.chupahina/2020.2.1f1/Unity.app/Contents/MacOS/Unity
-adb2
-batchMode
-noUpm
-name
AssetImportWorker0
-projectPath
/Users/alina.chupahina/Projects/Horny/Horny
-logFile
Logs/AssetImportWorker0.log
-srvPort
49875
Successfully changed project path to: /Users/alina.chupahina/Projects/Horny/Horny
/Users/alina.chupahina/Projects/Horny/Horny
Using Asset Import Pipeline V2.
Refreshing native plugins compatible for Editor in 24.78 ms, found 1 plugins.
Preloading 0 native plugins for Editor in 0.00 ms.
Initialize engine version: 2020.2.1f1 (270dd8c3da1c)
[Subsystems] Discovering subsystems at path /Users/alina.chupahina/2020.2.1f1/Unity.app/Contents/Resources/UnitySubsystems
[Subsystems] Discovering subsystems at path /Users/alina.chupahina/Projects/Horny/Horny/Assets
GfxDevice: creating device client; threaded=0
2021-01-20 21:34:02.325 Unity[302:4380547] Color LCD preferred device: Intel(R) Iris(TM) Plus Graphics 655 (low power)
2021-01-20 21:34:02.325 Unity[302:4380547] Metal devices available: 1
2021-01-20 21:34:02.325 Unity[302:4380547] 0: Intel(R) Iris(TM) Plus Graphics 655 (low power)
2021-01-20 21:34:02.326 Unity[302:4380547] Using device Intel(R) Iris(TM) Plus Graphics 655 (low power)
Initializing Metal device caps: Intel(R) Iris(TM) Plus Graphics 655
Initialize mono
Mono path[0] = '/Users/alina.chupahina/2020.2.1f1/Unity.app/Contents/Managed'
Mono path[1] = '/Users/alina.chupahina/2020.2.1f1/Unity.app/Contents/MonoBleedingEdge/lib/mono/unityjit'
Mono config path = '/Users/alina.chupahina/2020.2.1f1/Unity.app/Contents/MonoBleedingEdge/etc'
Using monoOptions --debugger-agent=transport=dt_socket,embedding=1,server=y,suspend=n,address=127.0.0.1:56302
Begin MonoManager ReloadAssembly
Registering precompiled unity dll's ...
Register platform support module: /Users/alina.chupahina/2020.2.1f1/Unity.app/Contents/PlaybackEngines/MacStandaloneSupport/UnityEditor.OSXStandalone.Extensions.dll
Registered in 0.000476 seconds.
Native extension for OSXStandalone target not found
Refreshing native plugins compatible for Editor in 25.37 ms, found 1 plugins.
Preloading 0 native plugins for Editor in 0.00 ms.
Invoked RoslynAnalysisRunner static constructor.
RoslynAnalysisRunner will not be running.
RoslynAnalysisRunner has terminated.
Mono: successfully reloaded assembly
- Completed reload, in  2.538 seconds
Platform modules already initialized, skipping
Registering precompiled user dll's ...
Registered in 0.000852 seconds.
Begin MonoManager ReloadAssembly
Native extension for OSXStandalone target not found
Refreshing native plugins compatible for Editor in 0.25 ms, found 1 plugins.
Preloading 0 native plugins for Editor in 0.00 ms.
Invoked RoslynAnalysisRunner static constructor.
RoslynAnalysisRunner will not be running.
RoslynAnalysisRunner has terminated.
Mono: successfully reloaded assembly
- Completed reload, in  0.897 seconds
Platform modules already initialized, skipping
========================================================================
Worker process is ready to serve import requests
Launching external process: /Users/alina.chupahina/2020.2.1f1/Unity.app/Contents/Tools/UnityShaderCompiler
Launched and connected shader compiler UnityShaderCompiler after 0.02 seconds
Refreshing native plugins compatible for Editor in 0.26 ms, found 1 plugins.
Preloading 0 native plugins for Editor in 0.00 ms.
Unloading 1213 Unused Serialized files (Serialized files now loaded: 0)
System memory in use before: 118.2 MB.
System memory in use after: 118.3 MB.

Unloading 15 unused Assets to reduce memory usage. Loaded Objects now: 1658.
Total: 1.998978 ms (FindLiveObjects: 0.265264 ms CreateObjectMapping: 0.052442 ms MarkObjects: 1.618250 ms  DeleteObjects: 0.061837 ms)

========================================================================
Received Import Request.
  path: Assets/Root.unity
  artifactKey: Guid(dcde9403d6b264fb493cfbb6c2713db5) Importer(815301076,1909f56bfc062723c751e8b465ee728b)
Start importing Assets/Root.unity using Guid(dcde9403d6b264fb493cfbb6c2713db5) Importer(815301076,1909f56bfc062723c751e8b465ee728b)  -> (artifact id: 'b8b4f39e9a1910c0761473ce0d4df90e') in 0.010334 seconds
  Import took 0.012598 seconds .

========================================================================
Received Import Request.
  Time since last request: 0.000157 seconds.
  path: Assets/Readme.asset
  artifactKey: Guid(83c2ed844a8c74b779a4c823d16594b1) Importer(815301076,1909f56bfc062723c751e8b465ee728b)
Start importing Assets/Readme.asset using Guid(83c2ed844a8c74b779a4c823d16594b1) Importer(815301076,1909f56bfc062723c751e8b465ee728b)  -> (artifact id: 'cf6c1105aea63a748fcaa5f7f2e0893d') in 0.237094 seconds
  Import took 0.238924 seconds .

========================================================================
Received Import Request.
  Time since last request: 0.000254 seconds.
  path: Assets/Root.unity
  artifactKey: Guid(dcde9403d6b264fb493cfbb6c2713db5) Importer(815301076,1909f56bfc062723c751e8b465ee728b)
Start importing Assets/Root.unity using Guid(dcde9403d6b264fb493cfbb6c2713db5) Importer(815301076,1909f56bfc062723c751e8b465ee728b)  -> (artifact id: 'b8b4f39e9a1910c0761473ce0d4df90e') in 0.000839 seconds
  Import took 0.002258 seconds .

========================================================================
Received Import Request.
  Time since last request: 0.028670 seconds.
  path: Assets/Readme.asset
  artifactKey: Guid(83c2ed844a8c74b779a4c823d16594b1) Importer(815301076,1909f56bfc062723c751e8b465ee728b)
Start importing Assets/Readme.asset using Guid(83c2ed844a8c74b779a4c823d16594b1) Importer(815301076,1909f56bfc062723c751e8b465ee728b)  -> (artifact id: 'cf6c1105aea63a748fcaa5f7f2e0893d') in 0.003330 seconds
  Import took 0.005337 seconds .

========================================================================
Received Prepare
Registering precompiled user dll's ...
Registered in 0.000626 seconds.
Begin MonoManager ReloadAssembly
Native extension for OSXStandalone target not found
Refreshing native plugins compatible for Editor in 0.31 ms, found 1 plugins.
Preloading 0 native plugins for Editor in 0.00 ms.
Invoked RoslynAnalysisRunner static constructor.
RoslynAnalysisRunner will not be running.
RoslynAnalysisRunner has terminated.
Mono: successfully reloaded assembly
- Completed reload, in  0.909 seconds
Platform modules already initialized, skipping
Refreshing native plugins compatible for Editor in 0.24 ms, found 1 plugins.
Preloading 0 native plugins for Editor in 0.00 ms.
Unloading 1192 Unused Serialized files (Serialized files now loaded: 0)
System memory in use before: 121.6 MB.
System memory in use after: 121.6 MB.

Unloading 6 unused Assets to reduce memory usage. Loaded Objects now: 1660.
Total: 1.403997 ms (FindLiveObjects: 0.159065 ms CreateObjectMapping: 0.046634 ms MarkObjects: 1.180949 ms  DeleteObjects: 0.014475 ms)

========================================================================
Received Import Request.
  Time since last request: 71.801903 seconds.
  path: Assets/Materials
  artifactKey: Guid(d0234ba368eeec9418390da711bfdad0) Importer(815301076,1909f56bfc062723c751e8b465ee728b)
Start importing Assets/Materials using Guid(d0234ba368eeec9418390da711bfdad0) Importer(815301076,1909f56bfc062723c751e8b465ee728b)  -> (artifact id: '80039c5bd4f1eb5e28cf5cdb572da2f7') in 0.007241 seconds
  Import took 0.012487 seconds .

========================================================================
Received Import Request.
  Time since last request: 0.074345 seconds.
  path: Assets/Materials/New Material.mat
  artifactKey: Guid(2aa2e77c726fa4b69b46482610d698e0) Importer(815301076,1909f56bfc062723c751e8b465ee728b)
Start importing Assets/Materials/New Material.mat using Guid(2aa2e77c726fa4b69b46482610d698e0) Importer(815301076,1909f56bfc062723c751e8b465ee728b)  -> (artifact id: '0ea616807c74373f655987815577fdb2') in 0.281708 seconds
  Import took 0.284122 seconds .

========================================================================
Received Import Request.
  Time since last request: 0.000235 seconds.
  path: Assets/Materials/Skybox_Mat.mat
  artifactKey: Guid(0ffaa0b7117ba8c47a9d05ae701d4b4d) Importer(815301076,1909f56bfc062723c751e8b465ee728b)
Start importing Assets/Materials/Skybox_Mat.mat using Guid(0ffaa0b7117ba8c47a9d05ae701d4b4d) Importer(815301076,1909f56bfc062723c751e8b465ee728b)  -> (artifact id: 'c27f79ae21db569960de64cdc951bce4') in 0.149332 seconds
  Import took 0.151177 seconds .

========================================================================
Received Import Request.
  Time since last request: 2.367869 seconds.
  path: Assets/Materials/FrostedGlass.shader
  artifactKey: Guid(60ad2e8ca0fd84361bf612b18203d1e7) Importer(815301076,1909f56bfc062723c751e8b465ee728b)
Start importing Assets/Materials/FrostedGlass.shader using Guid(60ad2e8ca0fd84361bf612b18203d1e7) Importer(815301076,1909f56bfc062723c751e8b465ee728b)  -> (artifact id: '571aa62c527b8a66467d5f4aa27692dc') in 0.165594 seconds
  Import took 0.168210 seconds .

========================================================================
Received Import Request.
  Time since last request: 1.529101 seconds.
  path: Assets/Materials/SuperBlur
  artifactKey: Guid(3c7fb2acd86f84a99867063a7149e3e7) Importer(815301076,1909f56bfc062723c751e8b465ee728b)
Start importing Assets/Materials/SuperBlur using Guid(3c7fb2acd86f84a99867063a7149e3e7) Importer(815301076,1909f56bfc062723c751e8b465ee728b)  -> (artifact id: 'ff95e3c3eee1a3024aa154e7e99a30e7') in 0.001043 seconds
  Import took 0.003583 seconds .

========================================================================
Received Import Request.
  Time since last request: 1.431952 seconds.
  path: Assets/Materials/SuperBlur/Material
  artifactKey: Guid(6745caf54031c4ac58937e17bb33080c) Importer(815301076,1909f56bfc062723c751e8b465ee728b)
Start importing Assets/Materials/SuperBlur/Material using Guid(6745caf54031c4ac58937e17bb33080c) Importer(815301076,1909f56bfc062723c751e8b465ee728b)  -> (artifact id: 'a5e3e7e00422ed480e2b3360f82e2901') in 0.001058 seconds
  Import took 0.003731 seconds .

========================================================================
Received Import Request.
  Time since last request: 0.111528 seconds.
  path: Assets/Materials/SuperBlur/Material/SuperBlurPostEffect.mat
  artifactKey: Guid(ea04bf57907c6402982a296864bd900f) Importer(815301076,1909f56bfc062723c751e8b465ee728b)
Start importing Assets/Materials/SuperBlur/Material/SuperBlurPostEffect.mat using Guid(ea04bf57907c6402982a296864bd900f) Importer(815301076,1909f56bfc062723c751e8b465ee728b)  -> (artifact id: '37a0a70044efcc780bcf6763349a3555') in 0.012352 seconds
  Import took 0.015283 seconds .

========================================================================
Received Import Request.
  Time since last request: 0.000218 seconds.
  path: Assets/Materials/SuperBlur/Material/SuperBlurUI.mat
  artifactKey: Guid(51be4ac522fda461ca7ee38db66d2bf0) Importer(815301076,1909f56bfc062723c751e8b465ee728b)
Start importing Assets/Materials/SuperBlur/Material/SuperBlurUI.mat using Guid(51be4ac522fda461ca7ee38db66d2bf0) Importer(815301076,1909f56bfc062723c751e8b465ee728b)  -> (artifact id: 'df011747004b224e64bf3b2039e2d941') in 0.012171 seconds
  Import took 0.014730 seconds .

========================================================================
Received Prepare
Registering precompiled user dll's ...
Registered in 0.000675 seconds.
Begin MonoManager ReloadAssembly
Native extension for OSXStandalone target not found
Refreshing native plugins compatible for Editor in 0.25 ms, found 1 plugins.
Preloading 0 native plugins for Editor in 0.00 ms.
Invoked RoslynAnalysisRunner static constructor.
RoslynAnalysisRunner will not be running.
RoslynAnalysisRunner has terminated.
Mono: successfully reloaded assembly
- Completed reload, in  0.867 seconds
Platform modules already initialized, skipping
Refreshing native plugins compatible for Editor in 0.19 ms, found 1 plugins.
Preloading 0 native plugins for Editor in 0.00 ms.
Unloading 1189 Unused Serialized files (Serialized files now loaded: 0)
System memory in use before: 134.3 MB.
System memory in use after: 134.4 MB.

Unloading 6 unused Assets to reduce memory usage. Loaded Objects now: 1703.
Total: 1.864871 ms (FindLiveObjects: 0.274646 ms CreateObjectMapping: 0.069486 ms MarkObjects: 1.505146 ms  DeleteObjects: 0.014337 ms)

========================================================================
Received Import Request.
  Time since last request: 135.999834 seconds.
  path: Assets/Resources/Prefabs/GameCell.prefab
  artifactKey: Guid(52a9de1158f0246edbf16cdae883145f) Importer(815301076,1909f56bfc062723c751e8b465ee728b)
Start importing Assets/Resources/Prefabs/GameCell.prefab using Guid(52a9de1158f0246edbf16cdae883145f) Importer(815301076,1909f56bfc062723c751e8b465ee728b)  -> (artifact id: 'bd604d35c776e50404d3b8345ba0ea40') in 0.158827 seconds
  Import took 0.161546 seconds .

========================================================================
Received Import Request.
  Time since last request: 0.000186 seconds.
  path: Assets/Resources/Sprites/GameCell.png
  artifactKey: Guid(5f3cb6f6e91a546459099989c10e09e1) Importer(815301076,1909f56bfc062723c751e8b465ee728b)
Start importing Assets/Resources/Sprites/GameCell.png using Guid(5f3cb6f6e91a546459099989c10e09e1) Importer(815301076,1909f56bfc062723c751e8b465ee728b)  -> (artifact id: '4268f4775dae344f0797c9825c2b4822') in 0.307251 seconds
  Import took 0.309151 seconds .

========================================================================
Received Import Request.
  Time since last request: 0.000204 seconds.
  path: Assets/Settings/GameSettings.asset
  artifactKey: Guid(c7d033ee907854c61897d37cba9f005f) Importer(815301076,1909f56bfc062723c751e8b465ee728b)
Start importing Assets/Settings/GameSettings.asset using Guid(c7d033ee907854c61897d37cba9f005f) Importer(815301076,1909f56bfc062723c751e8b465ee728b)  -> (artifact id: '773714797723b379586d168c6341d98d') in 0.005428 seconds
  Import took 0.007706 seconds .

========================================================================
Received Import Request.
  Time since last request: 46.540942 seconds.
  path: Assets/Resources/Prefabs/GameCell.prefab
  artifactKey: Guid(52a9de1158f0246edbf16cdae883145f) Importer(815301076,1909f56bfc062723c751e8b465ee728b)
Start importing Assets/Resources/Prefabs/GameCell.prefab using Guid(52a9de1158f0246edbf16cdae883145f) Importer(815301076,1909f56bfc062723c751e8b465ee728b)  -> (artifact id: '26f4cfe687b621ad0e2282deeb83ba24') in 0.072240 seconds
  Import took 0.074711 seconds .

========================================================================
Received Import Request.
  Time since last request: 17.993333 seconds.
  path: Assets/Resources/Prefabs/GameCell.prefab
  artifactKey: Guid(52a9de1158f0246edbf16cdae883145f) Importer(815301076,1909f56bfc062723c751e8b465ee728b)
Start importing Assets/Resources/Prefabs/GameCell.prefab using Guid(52a9de1158f0246edbf16cdae883145f) Importer(815301076,1909f56bfc062723c751e8b465ee728b)  -> (artifact id: '171a2c80f8ff761ebaec40cacc23715d') in 0.021458 seconds
  Import took 0.024228 seconds .

========================================================================
Received Import Request.
  Time since last request: 2.003083 seconds.
  path: Assets/Resources/Prefabs/GameCell.prefab
  artifactKey: Guid(52a9de1158f0246edbf16cdae883145f) Importer(815301076,1909f56bfc062723c751e8b465ee728b)
Start importing Assets/Resources/Prefabs/GameCell.prefab using Guid(52a9de1158f0246edbf16cdae883145f) Importer(815301076,1909f56bfc062723c751e8b465ee728b)  -> (artifact id: '894a24a8cc34d3d58da18b820f9af360') in 0.022085 seconds
  Import took 0.025605 seconds .

========================================================================
Received Import Request.
  Time since last request: 5.912804 seconds.
  path: Assets/Resources/Prefabs/GameCell.prefab
  artifactKey: Guid(52a9de1158f0246edbf16cdae883145f) Importer(815301076,1909f56bfc062723c751e8b465ee728b)
Start importing Assets/Resources/Prefabs/GameCell.prefab using Guid(52a9de1158f0246edbf16cdae883145f) Importer(815301076,1909f56bfc062723c751e8b465ee728b)  -> (artifact id: '8dd78d602778769f22b504fce0af6432') in 0.021404 seconds
  Import took 0.024987 seconds .

========================================================================
Received Import Request.
  Time since last request: 4.427404 seconds.
  path: Assets/Resources/Prefabs/GameCell.prefab
  artifactKey: Guid(52a9de1158f0246edbf16cdae883145f) Importer(815301076,1909f56bfc062723c751e8b465ee728b)
Start importing Assets/Resources/Prefabs/GameCell.prefab using Guid(52a9de1158f0246edbf16cdae883145f) Importer(815301076,1909f56bfc062723c751e8b465ee728b)  -> (artifact id: 'a1ce2f2d97771ce354825640a9da1dfd') in 0.019709 seconds
  Import took 0.021976 seconds .

========================================================================
Received Import Request.
  Time since last request: 5.969024 seconds.
  path: Assets/Resources/Prefabs/GameCell.prefab
  artifactKey: Guid(52a9de1158f0246edbf16cdae883145f) Importer(815301076,1909f56bfc062723c751e8b465ee728b)
Start importing Assets/Resources/Prefabs/GameCell.prefab using Guid(52a9de1158f0246edbf16cdae883145f) Importer(815301076,1909f56bfc062723c751e8b465ee728b)  -> (artifact id: '6e314e04e6ea431da4bc23f029122635') in 0.030670 seconds
  Import took 0.033913 seconds .

========================================================================
Received Import Request.
  Time since last request: 3.739427 seconds.
  path: Assets/Resources/Prefabs/GameCell.prefab
  artifactKey: Guid(52a9de1158f0246edbf16cdae883145f) Importer(815301076,1909f56bfc062723c751e8b465ee728b)
Start importing Assets/Resources/Prefabs/GameCell.prefab using Guid(52a9de1158f0246edbf16cdae883145f) Importer(815301076,1909f56bfc062723c751e8b465ee728b)  -> (artifact id: 'cbb86f342af07e7ea6f27b5573a272de') in 0.018690 seconds
  Import took 0.020783 seconds .

========================================================================
Received Prepare
Registering precompiled user dll's ...
Registered in 0.000648 seconds.
Begin MonoManager ReloadAssembly
Native extension for OSXStandalone target not found
Refreshing native plugins compatible for Editor in 0.33 ms, found 1 plugins.
Preloading 0 native plugins for Editor in 0.00 ms.
Invoked RoslynAnalysisRunner static constructor.
RoslynAnalysisRunner will not be running.
RoslynAnalysisRunner has terminated.
Mono: successfully reloaded assembly
- Completed reload, in  0.861 seconds
Platform modules already initialized, skipping
Refreshing native plugins compatible for Editor in 0.22 ms, found 1 plugins.
Preloading 0 native plugins for Editor in 0.00 ms.
Unloading 1189 Unused Serialized files (Serialized files now loaded: 0)
System memory in use before: 143.5 MB.
System memory in use after: 143.6 MB.

Unloading 6 unused Assets to reduce memory usage. Loaded Objects now: 1709.
Total: 2.038804 ms (FindLiveObjects: 0.182645 ms CreateObjectMapping: 0.054836 ms MarkObjects: 1.783901 ms  DeleteObjects: 0.016277 ms)

========================================================================
Received Prepare
Registering precompiled user dll's ...
Registered in 0.000703 seconds.
Begin MonoManager ReloadAssembly
Native extension for OSXStandalone target not found
Refreshing native plugins compatible for Editor in 0.34 ms, found 1 plugins.
Preloading 0 native plugins for Editor in 0.00 ms.
Invoked RoslynAnalysisRunner static constructor.
RoslynAnalysisRunner will not be running.
RoslynAnalysisRunner has terminated.
Mono: successfully reloaded assembly
- Completed reload, in  0.886 seconds
Platform modules already initialized, skipping
Refreshing native plugins compatible for Editor in 0.19 ms, found 1 plugins.
Preloading 0 native plugins for Editor in 0.00 ms.
Unloading 1189 Unused Serialized files (Serialized files now loaded: 0)
System memory in use before: 144.3 MB.
System memory in use after: 144.3 MB.

Unloading 6 unused Assets to reduce memory usage. Loaded Objects now: 1711.
Total: 1.710355 ms (FindLiveObjects: 0.197135 ms CreateObjectMapping: 0.054233 ms MarkObjects: 1.443303 ms  DeleteObjects: 0.014455 ms)

========================================================================
Received Prepare
Registering precompiled user dll's ...
Registered in 0.000674 seconds.
Begin MonoManager ReloadAssembly
Native extension for OSXStandalone target not found
Refreshing native plugins compatible for Editor in 0.26 ms, found 1 plugins.
Preloading 0 native plugins for Editor in 0.00 ms.
Invoked RoslynAnalysisRunner static constructor.
RoslynAnalysisRunner will not be running.
RoslynAnalysisRunner has terminated.
Mono: successfully reloaded assembly
- Completed reload, in  0.892 seconds
Platform modules already initialized, skipping
Refreshing native plugins compatible for Editor in 0.29 ms, found 1 plugins.
Preloading 0 native plugins for Editor in 0.00 ms.
Unloading 1189 Unused Serialized files (Serialized files now loaded: 0)
System memory in use before: 144.7 MB.
System memory in use after: 144.8 MB.

Unloading 6 unused Assets to reduce memory usage. Loaded Objects now: 1713.
Total: 1.481647 ms (FindLiveObjects: 0.176857 ms CreateObjectMapping: 0.041179 ms MarkObjects: 1.249654 ms  DeleteObjects: 0.012759 ms)

========================================================================
Received Import Request.
  Time since last request: 217.536290 seconds.
  path: Assets/Resources/Prefabs/GameCell.prefab
  artifactKey: Guid(52a9de1158f0246edbf16cdae883145f) Importer(815301076,1909f56bfc062723c751e8b465ee728b)
Start importing Assets/Resources/Prefabs/GameCell.prefab using Guid(52a9de1158f0246edbf16cdae883145f) Importer(815301076,1909f56bfc062723c751e8b465ee728b)  -> (artifact id: 'fc8b165dcb51a37b429dcabb71877bb4') in 0.083622 seconds
  Import took 0.086402 seconds .

========================================================================
Received Prepare
Registering precompiled user dll's ...
Registered in 0.000581 seconds.
Begin MonoManager ReloadAssembly
Native extension for OSXStandalone target not found
Refreshing native plugins compatible for Editor in 0.26 ms, found 1 plugins.
Preloading 0 native plugins for Editor in 0.00 ms.
Invoked RoslynAnalysisRunner static constructor.
RoslynAnalysisRunner will not be running.
RoslynAnalysisRunner has terminated.
Mono: successfully reloaded assembly
- Completed reload, in  0.911 seconds
Platform modules already initialized, skipping
Refreshing native plugins compatible for Editor in 0.43 ms, found 1 plugins.
Preloading 0 native plugins for Editor in 0.00 ms.
Unloading 1189 Unused Serialized files (Serialized files now loaded: 0)
System memory in use before: 145.1 MB.
System memory in use after: 145.2 MB.

Unloading 6 unused Assets to reduce memory usage. Loaded Objects now: 1715.
Total: 1.935507 ms (FindLiveObjects: 0.236200 ms CreateObjectMapping: 0.049983 ms MarkObjects: 1.633287 ms  DeleteObjects: 0.014245 ms)

========================================================================
Received Prepare
Registering precompiled user dll's ...
Registered in 0.000656 seconds.
Begin MonoManager ReloadAssembly
Native extension for OSXStandalone target not found
Refreshing native plugins compatible for Editor in 0.24 ms, found 1 plugins.
Preloading 0 native plugins for Editor in 0.00 ms.
Invoked RoslynAnalysisRunner static constructor.
RoslynAnalysisRunner will not be running.
RoslynAnalysisRunner has terminated.
Mono: successfully reloaded assembly
- Completed reload, in  0.844 seconds
Platform modules already initialized, skipping
Refreshing native plugins compatible for Editor in 0.18 ms, found 1 plugins.
Preloading 0 native plugins for Editor in 0.00 ms.
Unloading 1189 Unused Serialized files (Serialized files now loaded: 0)
System memory in use before: 144.7 MB.
System memory in use after: 144.8 MB.

Unloading 6 unused Assets to reduce memory usage. Loaded Objects now: 1717.
Total: 1.328775 ms (FindLiveObjects: 0.148788 ms CreateObjectMapping: 0.033690 ms MarkObjects: 1.134963 ms  DeleteObjects: 0.010518 ms)

========================================================================
Received Prepare
Registering precompiled user dll's ...
Registered in 0.000932 seconds.
Begin MonoManager ReloadAssembly
Native extension for OSXStandalone target not found
Refreshing native plugins compatible for Editor in 0.71 ms, found 1 plugins.
Preloading 0 native plugins for Editor in 0.00 ms.
Invoked RoslynAnalysisRunner static constructor.
RoslynAnalysisRunner will not be running.
RoslynAnalysisRunner has terminated.
Mono: successfully reloaded assembly
- Completed reload, in  0.851 seconds
Platform modules already initialized, skipping
Refreshing native plugins compatible for Editor in 0.32 ms, found 1 plugins.
Preloading 0 native plugins for Editor in 0.00 ms.
Unloading 1189 Unused Serialized files (Serialized files now loaded: 0)
System memory in use before: 145.2 MB.
System memory in use after: 145.3 MB.

Unloading 6 unused Assets to reduce memory usage. Loaded Objects now: 1719.
Total: 2.186744 ms (FindLiveObjects: 0.188857 ms CreateObjectMapping: 0.034235 ms MarkObjects: 1.940714 ms  DeleteObjects: 0.021102 ms)

========================================================================
Received Prepare
Registering precompiled user dll's ...
Registered in 0.000721 seconds.
Begin MonoManager ReloadAssembly
Native extension for OSXStandalone target not found
Refreshing native plugins compatible for Editor in 0.44 ms, found 1 plugins.
Preloading 0 native plugins for Editor in 0.00 ms.
Invoked RoslynAnalysisRunner static constructor.
RoslynAnalysisRunner will not be running.
RoslynAnalysisRunner has terminated.
Mono: successfully reloaded assembly
- Completed reload, in  0.897 seconds
Platform modules already initialized, skipping
Refreshing native plugins compatible for Editor in 0.20 ms, found 1 plugins.
Preloading 0 native plugins for Editor in 0.00 ms.
Unloading 1189 Unused Serialized files (Serialized files now loaded: 0)
System memory in use before: 145.6 MB.
System memory in use after: 145.7 MB.

Unloading 6 unused Assets to reduce memory usage. Loaded Objects now: 1721.
Total: 1.941502 ms (FindLiveObjects: 0.357891 ms CreateObjectMapping: 0.095393 ms MarkObjects: 1.471148 ms  DeleteObjects: 0.015948 ms)

========================================================================
Received Prepare
Registering precompiled user dll's ...
Registered in 0.000577 seconds.
Begin MonoManager ReloadAssembly
Native extension for OSXStandalone target not found
Refreshing native plugins compatible for Editor in 0.25 ms, found 1 plugins.
Preloading 0 native plugins for Editor in 0.00 ms.
Invoked RoslynAnalysisRunner static constructor.
RoslynAnalysisRunner will not be running.
RoslynAnalysisRunner has terminated.
Mono: successfully reloaded assembly
- Completed reload, in  0.859 seconds
Platform modules already initialized, skipping
Refreshing native plugins compatible for Editor in 0.21 ms, found 1 plugins.
Preloading 0 native plugins for Editor in 0.00 ms.
Unloading 1189 Unused Serialized files (Serialized files now loaded: 0)
System memory in use before: 145.2 MB.
System memory in use after: 145.2 MB.

Unloading 6 unused Assets to reduce memory usage. Loaded Objects now: 1723.
Total: 1.713855 ms (FindLiveObjects: 0.242124 ms CreateObjectMapping: 0.060750 ms MarkObjects: 1.393058 ms  DeleteObjects: 0.016603 ms)

========================================================================
Received Prepare
Registering precompiled user dll's ...
Registered in 0.003221 seconds.
Begin MonoManager ReloadAssembly
Native extension for OSXStandalone target not found
Refreshing native plugins compatible for Editor in 0.25 ms, found 1 plugins.
Preloading 0 native plugins for Editor in 0.00 ms.
Invoked RoslynAnalysisRunner static constructor.
RoslynAnalysisRunner will not be running.
RoslynAnalysisRunner has terminated.
Mono: successfully reloaded assembly
- Completed reload, in  0.936 seconds
Platform modules already initialized, skipping
Refreshing native plugins compatible for Editor in 0.19 ms, found 1 plugins.
Preloading 0 native plugins for Editor in 0.00 ms.
Unloading 1189 Unused Serialized files (Serialized files now loaded: 0)
System memory in use before: 145.7 MB.
System memory in use after: 145.7 MB.

Unloading 6 unused Assets to reduce memory usage. Loaded Objects now: 1725.
Total: 1.692958 ms (FindLiveObjects: 0.166297 ms CreateObjectMapping: 0.046907 ms MarkObjects: 1.463448 ms  DeleteObjects: 0.015046 ms)

========================================================================
Received Prepare
Registering precompiled user dll's ...
Registered in 0.003483 seconds.
Begin MonoManager ReloadAssembly
Native extension for OSXStandalone target not found
Refreshing native plugins compatible for Editor in 0.28 ms, found 1 plugins.
Preloading 0 native plugins for Editor in 0.00 ms.
Invoked RoslynAnalysisRunner static constructor.
RoslynAnalysisRunner will not be running.
RoslynAnalysisRunner has terminated.
Mono: successfully reloaded assembly
- Completed reload, in  0.925 seconds
Platform modules already initialized, skipping
Refreshing native plugins compatible for Editor in 0.21 ms, found 1 plugins.
Preloading 0 native plugins for Editor in 0.00 ms.
Unloading 1189 Unused Serialized files (Serialized files now loaded: 0)
System memory in use before: 146.1 MB.
System memory in use after: 146.2 MB.

Unloading 6 unused Assets to reduce memory usage. Loaded Objects now: 1727.
Total: 1.862546 ms (FindLiveObjects: 0.189462 ms CreateObjectMapping: 0.050184 ms MarkObjects: 1.604982 ms  DeleteObjects: 0.016369 ms)

========================================================================
Received Prepare
Registering precompiled user dll's ...
Registered in 0.000565 seconds.
Begin MonoManager ReloadAssembly
Native extension for OSXStandalone target not found
Refreshing native plugins compatible for Editor in 0.24 ms, found 1 plugins.
Preloading 0 native plugins for Editor in 0.00 ms.
Invoked RoslynAnalysisRunner static constructor.
RoslynAnalysisRunner will not be running.
RoslynAnalysisRunner has terminated.
Mono: successfully reloaded assembly
- Completed reload, in  0.821 seconds
Platform modules already initialized, skipping
Refreshing native plugins compatible for Editor in 0.22 ms, found 1 plugins.
Preloading 0 native plugins for Editor in 0.00 ms.
Unloading 1189 Unused Serialized files (Serialized files now loaded: 0)
System memory in use before: 145.6 MB.
System memory in use after: 145.7 MB.

Unloading 6 unused Assets to reduce memory usage. Loaded Objects now: 1729.
Total: 1.715201 ms (FindLiveObjects: 0.230228 ms CreateObjectMapping: 0.057747 ms MarkObjects: 1.408765 ms  DeleteObjects: 0.016861 ms)

========================================================================
Received Prepare
Registering precompiled user dll's ...
Registered in 0.000676 seconds.
Begin MonoManager ReloadAssembly
Native extension for OSXStandalone target not found
Refreshing native plugins compatible for Editor in 0.27 ms, found 1 plugins.
Preloading 0 native plugins for Editor in 0.00 ms.
Invoked RoslynAnalysisRunner static constructor.
RoslynAnalysisRunner will not be running.
RoslynAnalysisRunner has terminated.
Mono: successfully reloaded assembly
- Completed reload, in  0.829 seconds
Platform modules already initialized, skipping
Refreshing native plugins compatible for Editor in 0.30 ms, found 1 plugins.
Preloading 0 native plugins for Editor in 0.00 ms.
Unloading 1189 Unused Serialized files (Serialized files now loaded: 0)
System memory in use before: 146.1 MB.
System memory in use after: 146.2 MB.

Unloading 6 unused Assets to reduce memory usage. Loaded Objects now: 1731.
Total: 1.605204 ms (FindLiveObjects: 0.186417 ms CreateObjectMapping: 0.051143 ms MarkObjects: 1.353082 ms  DeleteObjects: 0.013479 ms)

========================================================================
Received Prepare
Registering precompiled user dll's ...
Registered in 0.000617 seconds.
Begin MonoManager ReloadAssembly
Native extension for OSXStandalone target not found
Refreshing native plugins compatible for Editor in 0.24 ms, found 1 plugins.
Preloading 0 native plugins for Editor in 0.00 ms.
Invoked RoslynAnalysisRunner static constructor.
RoslynAnalysisRunner will not be running.
RoslynAnalysisRunner has terminated.
Mono: successfully reloaded assembly
- Completed reload, in  0.848 seconds
Platform modules already initialized, skipping
Refreshing native plugins compatible for Editor in 0.21 ms, found 1 plugins.
Preloading 0 native plugins for Editor in 0.00 ms.
Unloading 1189 Unused Serialized files (Serialized files now loaded: 0)
System memory in use before: 146.6 MB.
System memory in use after: 146.7 MB.

Unloading 6 unused Assets to reduce memory usage. Loaded Objects now: 1733.
Total: 1.504454 ms (FindLiveObjects: 0.145918 ms CreateObjectMapping: 0.040950 ms MarkObjects: 1.304389 ms  DeleteObjects: 0.012220 ms)

