Using pre-set license

 COMMAND LINE ARGUMENTS:
/Users/alina.chupahina/2020.2.1f1/Unity.app/Contents/MacOS/Unity
-adb2
-batchMode
-noUpm
-name
AssetImportWorker1
-projectPath
/Users/alina.chupahina/Projects/Match3/Match3
-logFile
Logs/AssetImportWorker1.log
-srvPort
65427
Successfully changed project path to: /Users/alina.chupahina/Projects/Match3/Match3
/Users/alina.chupahina/Projects/Match3/Match3
Using Asset Import Pipeline V2.
Refreshing native plugins compatible for Editor in 47.37 ms, found 1 plugins.
Preloading 0 native plugins for Editor in 0.00 ms.
Initialize engine version: 2020.2.1f1 (270dd8c3da1c)
[Subsystems] Discovering subsystems at path /Users/alina.chupahina/2020.2.1f1/Unity.app/Contents/Resources/UnitySubsystems
[Subsystems] Discovering subsystems at path /Users/alina.chupahina/Projects/Match3/Match3/Assets
GfxDevice: creating device client; threaded=0
2021-01-18 18:48:01.604 Unity[77937:3950637] Color LCD preferred device: Intel(R) Iris(TM) Plus Graphics 655 (low power)
2021-01-18 18:48:01.604 Unity[77937:3950637] Metal devices available: 1
2021-01-18 18:48:01.604 Unity[77937:3950637] 0: Intel(R) Iris(TM) Plus Graphics 655 (low power)
2021-01-18 18:48:01.606 Unity[77937:3950637] Using device Intel(R) Iris(TM) Plus Graphics 655 (low power)
Initializing Metal device caps: Intel(R) Iris(TM) Plus Graphics 655
Shader 'Universal Render Pipeline/Particles/Lit': fallback shader 'Universal Render Pipeline/Particles/SimpleLit' not found
Initialize mono
Mono path[0] = '/Users/alina.chupahina/2020.2.1f1/Unity.app/Contents/Managed'
Mono path[1] = '/Users/alina.chupahina/2020.2.1f1/Unity.app/Contents/MonoBleedingEdge/lib/mono/unityjit'
Mono config path = '/Users/alina.chupahina/2020.2.1f1/Unity.app/Contents/MonoBleedingEdge/etc'
Using monoOptions --debugger-agent=transport=dt_socket,embedding=1,server=y,suspend=n,address=127.0.0.1:56937
Begin MonoManager ReloadAssembly
Registering precompiled unity dll's ...
Register platform support module: /Users/alina.chupahina/2020.2.1f1/Unity.app/Contents/PlaybackEngines/MacStandaloneSupport/UnityEditor.OSXStandalone.Extensions.dll
Registered in 0.002672 seconds.
Native extension for OSXStandalone target not found
Refreshing native plugins compatible for Editor in 41.68 ms, found 1 plugins.
Preloading 0 native plugins for Editor in 0.00 ms.
Invoked RoslynAnalysisRunner static constructor.
RoslynAnalysisRunner will not be running.
RoslynAnalysisRunner has terminated.
Mono: successfully reloaded assembly
- Completed reload, in  6.628 seconds
Platform modules already initialized, skipping
Registering precompiled user dll's ...
Registered in 0.004295 seconds.
Begin MonoManager ReloadAssembly
Native extension for OSXStandalone target not found
Refreshing native plugins compatible for Editor in 51.24 ms, found 1 plugins.
Preloading 0 native plugins for Editor in 0.00 ms.
Invoked RoslynAnalysisRunner static constructor.
RoslynAnalysisRunner will not be running.
RoslynAnalysisRunner has terminated.
Mono: successfully reloaded assembly
- Completed reload, in  1.167 seconds
Platform modules already initialized, skipping
========================================================================
Worker process is ready to serve import requests
Shader 'Universal Render Pipeline/Particles/Lit': fallback shader 'Universal Render Pipeline/Particles/SimpleLit' not found
Launching external process: /Users/alina.chupahina/2020.2.1f1/Unity.app/Contents/Tools/UnityShaderCompiler
Launched and connected shader compiler UnityShaderCompiler after 0.06 seconds
Refreshing native plugins compatible for Editor in 0.48 ms, found 1 plugins.
Preloading 0 native plugins for Editor in 0.00 ms.
Unloading 2424 Unused Serialized files (Serialized files now loaded: 0)
System memory in use before: 184.8 MB.
System memory in use after: 185.0 MB.

Unloading 12 unused Assets to reduce memory usage. Loaded Objects now: 2872.
Total: 2.248525 ms (FindLiveObjects: 0.304185 ms CreateObjectMapping: 0.122574 ms MarkObjects: 1.757884 ms  DeleteObjects: 0.062733 ms)

========================================================================
Received Import Request.
  path: Assets/Resources/Prefabs/GameCell.prefab
  artifactKey: Guid(52a9de1158f0246edbf16cdae883145f) Importer(815301076,1909f56bfc062723c751e8b465ee728b)
Start importing Assets/Resources/Prefabs/GameCell.prefab using Guid(52a9de1158f0246edbf16cdae883145f) Importer(815301076,1909f56bfc062723c751e8b465ee728b)  -> (artifact id: '2a2ed5096ac8206fa739e53a30eec2de') in 0.318477 seconds
  Import took 0.322498 seconds .

========================================================================
Received Import Request.
  Time since last request: 0.000141 seconds.
  path: Assets/Resources/Prefabs/GameCell.prefab
  artifactKey: Guid(52a9de1158f0246edbf16cdae883145f) Importer(815301076,1909f56bfc062723c751e8b465ee728b)
Start importing Assets/Resources/Prefabs/GameCell.prefab using Guid(52a9de1158f0246edbf16cdae883145f) Importer(815301076,1909f56bfc062723c751e8b465ee728b)  -> (artifact id: '8f4d3328589bdbed112a9c70bebeefb5') in 0.003560 seconds
  Import took 0.007135 seconds .

========================================================================
Received Import Request.
  Time since last request: 5.408511 seconds.
  path: Assets/Resources/Prefabs/GameCell.prefab
  artifactKey: Guid(52a9de1158f0246edbf16cdae883145f) Importer(815301076,1909f56bfc062723c751e8b465ee728b)
Start importing Assets/Resources/Prefabs/GameCell.prefab using Guid(52a9de1158f0246edbf16cdae883145f) Importer(815301076,1909f56bfc062723c751e8b465ee728b)  -> (artifact id: 'ff75a9ba5cf8cad50af6456044a73e40') in 0.004072 seconds
  Import took 0.008342 seconds .

========================================================================
Received Import Request.
  Time since last request: 5.111994 seconds.
  path: Assets/Resources/Prefabs/GameCell.prefab
  artifactKey: Guid(52a9de1158f0246edbf16cdae883145f) Importer(815301076,1909f56bfc062723c751e8b465ee728b)
Start importing Assets/Resources/Prefabs/GameCell.prefab using Guid(52a9de1158f0246edbf16cdae883145f) Importer(815301076,1909f56bfc062723c751e8b465ee728b)  -> (artifact id: 'd848e0bb3859cb9f517502cc319e2180') in 0.009084 seconds
  Import took 0.017850 seconds .

========================================================================
Received Import Request.
  Time since last request: 4.140900 seconds.
  path: Assets/Resources/Prefabs/GameCell.prefab
  artifactKey: Guid(52a9de1158f0246edbf16cdae883145f) Importer(815301076,1909f56bfc062723c751e8b465ee728b)
Start importing Assets/Resources/Prefabs/GameCell.prefab using Guid(52a9de1158f0246edbf16cdae883145f) Importer(815301076,1909f56bfc062723c751e8b465ee728b)  -> (artifact id: '0b6b0ace0f3b1e018468a2ef836613e6') in 0.003706 seconds
  Import took 0.007814 seconds .

========================================================================
Received Import Request.
  Time since last request: 4.136138 seconds.
  path: Assets/Resources/Prefabs/GameCell.prefab
  artifactKey: Guid(52a9de1158f0246edbf16cdae883145f) Importer(815301076,1909f56bfc062723c751e8b465ee728b)
Start importing Assets/Resources/Prefabs/GameCell.prefab using Guid(52a9de1158f0246edbf16cdae883145f) Importer(815301076,1909f56bfc062723c751e8b465ee728b)  -> (artifact id: 'f5d4c8dfb90746b0a570067e1aa6f041') in 0.012300 seconds
  Import took 0.021360 seconds .

========================================================================
Received Import Request.
  Time since last request: 8.112052 seconds.
  path: Assets/Resources/Prefabs/GameCell.prefab
  artifactKey: Guid(52a9de1158f0246edbf16cdae883145f) Importer(815301076,1909f56bfc062723c751e8b465ee728b)
Start importing Assets/Resources/Prefabs/GameCell.prefab using Guid(52a9de1158f0246edbf16cdae883145f) Importer(815301076,1909f56bfc062723c751e8b465ee728b)  -> (artifact id: '1d30165ecbaad4b8b1e2b4fa2c587e8f') in 0.009292 seconds
  Import took 0.019514 seconds .

========================================================================
Received Import Request.
  Time since last request: 3.999312 seconds.
  path: Assets/Resources/Prefabs/GameCell.prefab
  artifactKey: Guid(52a9de1158f0246edbf16cdae883145f) Importer(815301076,1909f56bfc062723c751e8b465ee728b)
Start importing Assets/Resources/Prefabs/GameCell.prefab using Guid(52a9de1158f0246edbf16cdae883145f) Importer(815301076,1909f56bfc062723c751e8b465ee728b)  -> (artifact id: '6608045cb9fcc3b30321bf17a9bf7df9') in 0.010890 seconds
  Import took 0.021626 seconds .

========================================================================
Received Import Request.
  Time since last request: 3.707922 seconds.
  path: Assets/Resources/Prefabs/GameCell.prefab
  artifactKey: Guid(52a9de1158f0246edbf16cdae883145f) Importer(815301076,1909f56bfc062723c751e8b465ee728b)
Start importing Assets/Resources/Prefabs/GameCell.prefab using Guid(52a9de1158f0246edbf16cdae883145f) Importer(815301076,1909f56bfc062723c751e8b465ee728b)  -> (artifact id: '3efb1bdf97dac95a9734b2d02a7eddcc') in 0.007609 seconds
  Import took 0.017265 seconds .

========================================================================
Received Prepare
Registering precompiled user dll's ...
Registered in 0.000968 seconds.
Begin MonoManager ReloadAssembly
Native extension for OSXStandalone target not found
Refreshing native plugins compatible for Editor in 0.62 ms, found 1 plugins.
Preloading 0 native plugins for Editor in 0.00 ms.
Invoked RoslynAnalysisRunner static constructor.
RoslynAnalysisRunner will not be running.
RoslynAnalysisRunner has terminated.
Mono: successfully reloaded assembly
- Completed reload, in  0.951 seconds
Platform modules already initialized, skipping
Shader 'Universal Render Pipeline/Particles/Lit': fallback shader 'Universal Render Pipeline/Particles/SimpleLit' not found
Refreshing native plugins compatible for Editor in 0.48 ms, found 1 plugins.
Preloading 0 native plugins for Editor in 0.00 ms.
Unloading 2302 Unused Serialized files (Serialized files now loaded: 0)
System memory in use before: 183.5 MB.
System memory in use after: 183.7 MB.

Unloading 7 unused Assets to reduce memory usage. Loaded Objects now: 2874.
Total: 2.976084 ms (FindLiveObjects: 0.461379 ms CreateObjectMapping: 0.183721 ms MarkObjects: 2.305277 ms  DeleteObjects: 0.023858 ms)

========================================================================
Received Import Request.
  Time since last request: 31.812577 seconds.
  path: Assets/Settings/Resources.asset
  artifactKey: Guid(53a57938bf5404384b7d8aa879ac07ec) Importer(815301076,1909f56bfc062723c751e8b465ee728b)
Start importing Assets/Settings/Resources.asset using Guid(53a57938bf5404384b7d8aa879ac07ec) Importer(815301076,1909f56bfc062723c751e8b465ee728b)  -> (artifact id: 'b71535cdc94a49e1465c71f1ea739ffa') in 0.272134 seconds
  Import took 0.276573 seconds .

========================================================================
Received Import Request.
  Time since last request: 1.222175 seconds.
  path: Assets/TextMesh Pro/Resources
  artifactKey: Guid(243e06394e614e5d99fab26083b707fa) Importer(815301076,1909f56bfc062723c751e8b465ee728b)
Start importing Assets/TextMesh Pro/Resources using Guid(243e06394e614e5d99fab26083b707fa) Importer(815301076,1909f56bfc062723c751e8b465ee728b)  -> (artifact id: 'c78547aab36fdb3497b7778d6b17ad96') in 0.000906 seconds
  Import took 0.005697 seconds .

========================================================================
Received Import Request.
  Time since last request: 0.164801 seconds.
  path: Assets/TextMesh Pro/Resources/TMP Settings.asset
  artifactKey: Guid(3f5b5dff67a942289a9defa416b206f3) Importer(815301076,1909f56bfc062723c751e8b465ee728b)
Start importing Assets/TextMesh Pro/Resources/TMP Settings.asset using Guid(3f5b5dff67a942289a9defa416b206f3) Importer(815301076,1909f56bfc062723c751e8b465ee728b)  -> (artifact id: '60598ddc20286cd98a033a2141c09b2a') in 0.062911 seconds
  Import took 0.067723 seconds .

========================================================================
Received Import Request.
  Time since last request: 3.159544 seconds.
  path: Assets/Presets/Defaults/AlbedoTexture_Default.preset
  artifactKey: Guid(e8537455c6c08bd4e8bf0be3707da685) Importer(815301076,1909f56bfc062723c751e8b465ee728b)
Start importing Assets/Presets/Defaults/AlbedoTexture_Default.preset using Guid(e8537455c6c08bd4e8bf0be3707da685) Importer(815301076,1909f56bfc062723c751e8b465ee728b)  -> (artifact id: 'f0f76b7f1476a26fd08834fa4595acd7') in 0.225814 seconds
  Import took 0.230133 seconds .

========================================================================
Received Import Request.
  Time since last request: 0.000191 seconds.
  path: Assets/Presets/Defaults/AudioDecompressOnLoad.preset
  artifactKey: Guid(e7689051185d12f4298e1ebb2693a29f) Importer(815301076,1909f56bfc062723c751e8b465ee728b)
Start importing Assets/Presets/Defaults/AudioDecompressOnLoad.preset using Guid(e7689051185d12f4298e1ebb2693a29f) Importer(815301076,1909f56bfc062723c751e8b465ee728b)  -> (artifact id: 'ab3f3c735e1cc764d950507ac30db0f0') in 0.004086 seconds
  Import took 0.007432 seconds .

========================================================================
Received Import Request.
  Time since last request: 0.000275 seconds.
  path: Assets/Presets/Defaults/DirectionalLight_Default.preset
  artifactKey: Guid(463065d4f17d1d94d848aa127b94dd43) Importer(815301076,1909f56bfc062723c751e8b465ee728b)
Start importing Assets/Presets/Defaults/DirectionalLight_Default.preset using Guid(463065d4f17d1d94d848aa127b94dd43) Importer(815301076,1909f56bfc062723c751e8b465ee728b)  -> (artifact id: '491a2bb16e963732a35b739624ab46a1') in 0.003179 seconds
  Import took 0.010032 seconds .

========================================================================
Received Prepare
Registering precompiled user dll's ...
Registered in 0.006447 seconds.
Begin MonoManager ReloadAssembly
Native extension for OSXStandalone target not found
Refreshing native plugins compatible for Editor in 0.43 ms, found 1 plugins.
Preloading 0 native plugins for Editor in 0.00 ms.
Invoked RoslynAnalysisRunner static constructor.
RoslynAnalysisRunner will not be running.
RoslynAnalysisRunner has terminated.
Mono: successfully reloaded assembly
- Completed reload, in  1.018 seconds
Platform modules already initialized, skipping
Shader 'Universal Render Pipeline/Particles/Lit': fallback shader 'Universal Render Pipeline/Particles/SimpleLit' not found
Refreshing native plugins compatible for Editor in 0.38 ms, found 1 plugins.
Preloading 0 native plugins for Editor in 0.00 ms.
Unloading 2302 Unused Serialized files (Serialized files now loaded: 0)
System memory in use before: 192.7 MB.
System memory in use after: 192.9 MB.

Unloading 7 unused Assets to reduce memory usage. Loaded Objects now: 2876.
Total: 2.089674 ms (FindLiveObjects: 0.278826 ms CreateObjectMapping: 0.089102 ms MarkObjects: 1.706944 ms  DeleteObjects: 0.013648 ms)

========================================================================
Received Prepare
Registering precompiled user dll's ...
Registered in 0.000918 seconds.
Begin MonoManager ReloadAssembly
Native extension for OSXStandalone target not found
Refreshing native plugins compatible for Editor in 0.44 ms, found 1 plugins.
Preloading 0 native plugins for Editor in 0.00 ms.
Invoked RoslynAnalysisRunner static constructor.
RoslynAnalysisRunner will not be running.
RoslynAnalysisRunner has terminated.
Mono: successfully reloaded assembly
- Completed reload, in  0.944 seconds
Platform modules already initialized, skipping
Shader 'Universal Render Pipeline/Particles/Lit': fallback shader 'Universal Render Pipeline/Particles/SimpleLit' not found
Refreshing native plugins compatible for Editor in 0.38 ms, found 1 plugins.
Preloading 0 native plugins for Editor in 0.00 ms.
Unloading 2302 Unused Serialized files (Serialized files now loaded: 0)
System memory in use before: 192.9 MB.
System memory in use after: 193.1 MB.

Unloading 7 unused Assets to reduce memory usage. Loaded Objects now: 2878.
Total: 3.107248 ms (FindLiveObjects: 0.392073 ms CreateObjectMapping: 0.245595 ms MarkObjects: 2.446620 ms  DeleteObjects: 0.020936 ms)

========================================================================
Received Prepare
Registering precompiled user dll's ...
Registered in 0.001043 seconds.
Begin MonoManager ReloadAssembly
Native extension for OSXStandalone target not found
Refreshing native plugins compatible for Editor in 0.44 ms, found 1 plugins.
Preloading 0 native plugins for Editor in 0.00 ms.
Invoked RoslynAnalysisRunner static constructor.
RoslynAnalysisRunner will not be running.
RoslynAnalysisRunner has terminated.
Mono: successfully reloaded assembly
- Completed reload, in  0.948 seconds
Platform modules already initialized, skipping
Shader 'Universal Render Pipeline/Particles/Lit': fallback shader 'Universal Render Pipeline/Particles/SimpleLit' not found
Refreshing native plugins compatible for Editor in 0.44 ms, found 1 plugins.
Preloading 0 native plugins for Editor in 0.00 ms.
Unloading 2302 Unused Serialized files (Serialized files now loaded: 0)
System memory in use before: 193.1 MB.
System memory in use after: 193.3 MB.

Unloading 7 unused Assets to reduce memory usage. Loaded Objects now: 2880.
Total: 2.339582 ms (FindLiveObjects: 0.436536 ms CreateObjectMapping: 0.164698 ms MarkObjects: 1.722842 ms  DeleteObjects: 0.014561 ms)

========================================================================
Received Prepare
Registering precompiled user dll's ...
Registered in 0.003859 seconds.
Begin MonoManager ReloadAssembly
Native extension for OSXStandalone target not found
Refreshing native plugins compatible for Editor in 0.46 ms, found 1 plugins.
Preloading 0 native plugins for Editor in 0.00 ms.
Invoked RoslynAnalysisRunner static constructor.
RoslynAnalysisRunner will not be running.
RoslynAnalysisRunner has terminated.
Mono: successfully reloaded assembly
- Completed reload, in  1.002 seconds
Platform modules already initialized, skipping
Shader 'Universal Render Pipeline/Particles/Lit': fallback shader 'Universal Render Pipeline/Particles/SimpleLit' not found
Refreshing native plugins compatible for Editor in 0.45 ms, found 1 plugins.
Preloading 0 native plugins for Editor in 0.00 ms.
Unloading 2302 Unused Serialized files (Serialized files now loaded: 0)
System memory in use before: 193.2 MB.
System memory in use after: 193.4 MB.

Unloading 7 unused Assets to reduce memory usage. Loaded Objects now: 2882.
Total: 2.318699 ms (FindLiveObjects: 0.382233 ms CreateObjectMapping: 0.108141 ms MarkObjects: 1.811335 ms  DeleteObjects: 0.015907 ms)

========================================================================
Received Prepare
Registering precompiled user dll's ...
Registered in 0.000893 seconds.
Begin MonoManager ReloadAssembly
Native extension for OSXStandalone target not found
Refreshing native plugins compatible for Editor in 0.44 ms, found 1 plugins.
Preloading 0 native plugins for Editor in 0.00 ms.
Invoked RoslynAnalysisRunner static constructor.
RoslynAnalysisRunner will not be running.
RoslynAnalysisRunner has terminated.
Mono: successfully reloaded assembly
- Completed reload, in  0.938 seconds
Platform modules already initialized, skipping
Shader 'Universal Render Pipeline/Particles/Lit': fallback shader 'Universal Render Pipeline/Particles/SimpleLit' not found
Refreshing native plugins compatible for Editor in 0.42 ms, found 1 plugins.
Preloading 0 native plugins for Editor in 0.00 ms.
Unloading 2302 Unused Serialized files (Serialized files now loaded: 0)
System memory in use before: 193.5 MB.
System memory in use after: 193.7 MB.

Unloading 7 unused Assets to reduce memory usage. Loaded Objects now: 2884.
Total: 2.023011 ms (FindLiveObjects: 0.331662 ms CreateObjectMapping: 0.094294 ms MarkObjects: 1.582593 ms  DeleteObjects: 0.013572 ms)

========================================================================
Received Prepare
Registering precompiled user dll's ...
Registered in 0.000894 seconds.
Begin MonoManager ReloadAssembly
Native extension for OSXStandalone target not found
Refreshing native plugins compatible for Editor in 0.43 ms, found 1 plugins.
Preloading 0 native plugins for Editor in 0.00 ms.
Invoked RoslynAnalysisRunner static constructor.
RoslynAnalysisRunner will not be running.
RoslynAnalysisRunner has terminated.
Mono: successfully reloaded assembly
- Completed reload, in  0.956 seconds
Platform modules already initialized, skipping
Shader 'Universal Render Pipeline/Particles/Lit': fallback shader 'Universal Render Pipeline/Particles/SimpleLit' not found
Refreshing native plugins compatible for Editor in 0.41 ms, found 1 plugins.
Preloading 0 native plugins for Editor in 0.00 ms.
Unloading 2302 Unused Serialized files (Serialized files now loaded: 0)
System memory in use before: 193.7 MB.
System memory in use after: 193.9 MB.

Unloading 7 unused Assets to reduce memory usage. Loaded Objects now: 2886.
Total: 3.352269 ms (FindLiveObjects: 0.449930 ms CreateObjectMapping: 0.216212 ms MarkObjects: 2.664381 ms  DeleteObjects: 0.019870 ms)

========================================================================
Received Prepare
Registering precompiled user dll's ...
Registered in 0.001168 seconds.
Begin MonoManager ReloadAssembly
Native extension for OSXStandalone target not found
Refreshing native plugins compatible for Editor in 0.53 ms, found 1 plugins.
Preloading 0 native plugins for Editor in 0.00 ms.
Invoked RoslynAnalysisRunner static constructor.
RoslynAnalysisRunner will not be running.
RoslynAnalysisRunner has terminated.
Mono: successfully reloaded assembly
- Completed reload, in  0.957 seconds
Platform modules already initialized, skipping
Shader 'Universal Render Pipeline/Particles/Lit': fallback shader 'Universal Render Pipeline/Particles/SimpleLit' not found
Refreshing native plugins compatible for Editor in 0.50 ms, found 1 plugins.
Preloading 0 native plugins for Editor in 0.00 ms.
Unloading 2302 Unused Serialized files (Serialized files now loaded: 0)
System memory in use before: 193.9 MB.
System memory in use after: 194.1 MB.

Unloading 7 unused Assets to reduce memory usage. Loaded Objects now: 2888.
Total: 1.852714 ms (FindLiveObjects: 0.332216 ms CreateObjectMapping: 0.090136 ms MarkObjects: 1.417428 ms  DeleteObjects: 0.012242 ms)

========================================================================
Received Prepare
Registering precompiled user dll's ...
Registered in 0.001455 seconds.
Begin MonoManager ReloadAssembly
Native extension for OSXStandalone target not found
Refreshing native plugins compatible for Editor in 0.44 ms, found 1 plugins.
Preloading 0 native plugins for Editor in 0.00 ms.
Invoked RoslynAnalysisRunner static constructor.
RoslynAnalysisRunner will not be running.
RoslynAnalysisRunner has terminated.
Mono: successfully reloaded assembly
- Completed reload, in  1.032 seconds
Platform modules already initialized, skipping
Shader 'Universal Render Pipeline/Particles/Lit': fallback shader 'Universal Render Pipeline/Particles/SimpleLit' not found
Refreshing native plugins compatible for Editor in 0.43 ms, found 1 plugins.
Preloading 0 native plugins for Editor in 0.00 ms.
Unloading 2302 Unused Serialized files (Serialized files now loaded: 0)
System memory in use before: 194.1 MB.
System memory in use after: 194.3 MB.

Unloading 7 unused Assets to reduce memory usage. Loaded Objects now: 2890.
Total: 2.050763 ms (FindLiveObjects: 0.322472 ms CreateObjectMapping: 0.103204 ms MarkObjects: 1.609363 ms  DeleteObjects: 0.014642 ms)

========================================================================
Received Prepare
Registering precompiled user dll's ...
Registered in 0.000923 seconds.
Begin MonoManager ReloadAssembly
Native extension for OSXStandalone target not found
Refreshing native plugins compatible for Editor in 0.53 ms, found 1 plugins.
Preloading 0 native plugins for Editor in 0.00 ms.
Invoked RoslynAnalysisRunner static constructor.
RoslynAnalysisRunner will not be running.
RoslynAnalysisRunner has terminated.
Mono: successfully reloaded assembly
- Completed reload, in  1.022 seconds
Platform modules already initialized, skipping
Shader 'Universal Render Pipeline/Particles/Lit': fallback shader 'Universal Render Pipeline/Particles/SimpleLit' not found
Refreshing native plugins compatible for Editor in 0.66 ms, found 1 plugins.
Preloading 0 native plugins for Editor in 0.00 ms.
Unloading 2302 Unused Serialized files (Serialized files now loaded: 0)
System memory in use before: 194.2 MB.
System memory in use after: 194.4 MB.

Unloading 7 unused Assets to reduce memory usage. Loaded Objects now: 2892.
Total: 4.070436 ms (FindLiveObjects: 0.643179 ms CreateObjectMapping: 0.173773 ms MarkObjects: 3.224519 ms  DeleteObjects: 0.024980 ms)

========================================================================
Received Prepare
Registering precompiled user dll's ...
Registered in 0.000993 seconds.
Begin MonoManager ReloadAssembly
Native extension for OSXStandalone target not found
Refreshing native plugins compatible for Editor in 0.61 ms, found 1 plugins.
Preloading 0 native plugins for Editor in 0.00 ms.
Invoked RoslynAnalysisRunner static constructor.
RoslynAnalysisRunner will not be running.
RoslynAnalysisRunner has terminated.
Mono: successfully reloaded assembly
- Completed reload, in  0.986 seconds
Platform modules already initialized, skipping
Shader 'Universal Render Pipeline/Particles/Lit': fallback shader 'Universal Render Pipeline/Particles/SimpleLit' not found
Refreshing native plugins compatible for Editor in 0.43 ms, found 1 plugins.
Preloading 0 native plugins for Editor in 0.00 ms.
Unloading 2302 Unused Serialized files (Serialized files now loaded: 0)
System memory in use before: 194.5 MB.
System memory in use after: 194.7 MB.

Unloading 7 unused Assets to reduce memory usage. Loaded Objects now: 2894.
Total: 2.585053 ms (FindLiveObjects: 0.438784 ms CreateObjectMapping: 0.219687 ms MarkObjects: 1.906645 ms  DeleteObjects: 0.018220 ms)

========================================================================
Received Prepare
Registering precompiled user dll's ...
Registered in 0.001143 seconds.
Begin MonoManager ReloadAssembly
Native extension for OSXStandalone target not found
Refreshing native plugins compatible for Editor in 0.53 ms, found 1 plugins.
Preloading 0 native plugins for Editor in 0.00 ms.
Invoked RoslynAnalysisRunner static constructor.
RoslynAnalysisRunner will not be running.
RoslynAnalysisRunner has terminated.
Mono: successfully reloaded assembly
- Completed reload, in  0.993 seconds
Platform modules already initialized, skipping
Shader 'Universal Render Pipeline/Particles/Lit': fallback shader 'Universal Render Pipeline/Particles/SimpleLit' not found
Refreshing native plugins compatible for Editor in 0.38 ms, found 1 plugins.
Preloading 0 native plugins for Editor in 0.00 ms.
Unloading 2302 Unused Serialized files (Serialized files now loaded: 0)
System memory in use before: 194.7 MB.
System memory in use after: 194.9 MB.

Unloading 7 unused Assets to reduce memory usage. Loaded Objects now: 2896.
Total: 2.497037 ms (FindLiveObjects: 0.359967 ms CreateObjectMapping: 0.165535 ms MarkObjects: 1.952147 ms  DeleteObjects: 0.016609 ms)

========================================================================
Received Prepare
Registering precompiled user dll's ...
Registered in 0.000895 seconds.
Begin MonoManager ReloadAssembly
Native extension for OSXStandalone target not found
Refreshing native plugins compatible for Editor in 0.56 ms, found 1 plugins.
Preloading 0 native plugins for Editor in 0.00 ms.
Invoked RoslynAnalysisRunner static constructor.
RoslynAnalysisRunner will not be running.
RoslynAnalysisRunner has terminated.
Mono: successfully reloaded assembly
- Completed reload, in  1.000 seconds
Platform modules already initialized, skipping
Shader 'Universal Render Pipeline/Particles/Lit': fallback shader 'Universal Render Pipeline/Particles/SimpleLit' not found
Refreshing native plugins compatible for Editor in 0.38 ms, found 1 plugins.
Preloading 0 native plugins for Editor in 0.00 ms.
Unloading 2302 Unused Serialized files (Serialized files now loaded: 0)
System memory in use before: 194.9 MB.
System memory in use after: 195.1 MB.

Unloading 7 unused Assets to reduce memory usage. Loaded Objects now: 2898.
Total: 2.616962 ms (FindLiveObjects: 0.381065 ms CreateObjectMapping: 0.186253 ms MarkObjects: 2.028456 ms  DeleteObjects: 0.019364 ms)

========================================================================
Received Prepare
Registering precompiled user dll's ...
Registered in 0.000912 seconds.
Begin MonoManager ReloadAssembly
Native extension for OSXStandalone target not found
Refreshing native plugins compatible for Editor in 0.44 ms, found 1 plugins.
Preloading 0 native plugins for Editor in 0.00 ms.
Invoked RoslynAnalysisRunner static constructor.
RoslynAnalysisRunner will not be running.
RoslynAnalysisRunner has terminated.
Mono: successfully reloaded assembly
- Completed reload, in  0.996 seconds
Platform modules already initialized, skipping
Shader 'Universal Render Pipeline/Particles/Lit': fallback shader 'Universal Render Pipeline/Particles/SimpleLit' not found
Refreshing native plugins compatible for Editor in 0.41 ms, found 1 plugins.
Preloading 0 native plugins for Editor in 0.00 ms.
Unloading 2302 Unused Serialized files (Serialized files now loaded: 0)
System memory in use before: 195.1 MB.
System memory in use after: 195.3 MB.

Unloading 7 unused Assets to reduce memory usage. Loaded Objects now: 2900.
Total: 2.859420 ms (FindLiveObjects: 0.364612 ms CreateObjectMapping: 0.119818 ms MarkObjects: 2.353747 ms  DeleteObjects: 0.019542 ms)

========================================================================
Received Import Request.
  Time since last request: 1834.591336 seconds.
  path: Assets/DOTween/Editor/Imgs/DOTweenIcon.png
  artifactKey: Guid(06ad87db04ee143a4b53d24bb1334775) Importer(815301076,1909f56bfc062723c751e8b465ee728b)
Start importing Assets/DOTween/Editor/Imgs/DOTweenIcon.png using Guid(06ad87db04ee143a4b53d24bb1334775) Importer(815301076,1909f56bfc062723c751e8b465ee728b)  -> (artifact id: '8180875f3db8c3c83f9cf546cd890be8') in 0.436623 seconds
  Import took 0.440817 seconds .

========================================================================
Received Import Request.
  Time since last request: 0.000270 seconds.
  path: Assets/Resources/Prefabs/Worlds/World.prefab
  artifactKey: Guid(a3fc87cd180d5487fbe27897034bf50b) Importer(815301076,1909f56bfc062723c751e8b465ee728b)
Start importing Assets/Resources/Prefabs/Worlds/World.prefab using Guid(a3fc87cd180d5487fbe27897034bf50b) Importer(815301076,1909f56bfc062723c751e8b465ee728b)  -> (artifact id: '70a2c420241b5054ae76a5df6e143453') in 0.026687 seconds
  Import took 0.030225 seconds .

========================================================================
Received Import Request.
  Time since last request: 0.000256 seconds.
  path: Assets/TextMesh Pro/Resources/Fonts & Materials/LiberationSans SDF - Drop Shadow.mat
  artifactKey: Guid(e73a58f6e2794ae7b1b7e50b7fb811b0) Importer(815301076,1909f56bfc062723c751e8b465ee728b)
Start importing Assets/TextMesh Pro/Resources/Fonts & Materials/LiberationSans SDF - Drop Shadow.mat using Guid(e73a58f6e2794ae7b1b7e50b7fb811b0) Importer(815301076,1909f56bfc062723c751e8b465ee728b)  -> (artifact id: 'c9f838aa9920f0a87f0d9c9c00e166a9') in 0.642150 seconds
  Import took 0.646597 seconds .

========================================================================
Received Import Request.
  Time since last request: 6.695246 seconds.
  path: Assets/Resources/Prefabs/Worlds/World.prefab
  artifactKey: Guid(a3fc87cd180d5487fbe27897034bf50b) Importer(815301076,1909f56bfc062723c751e8b465ee728b)
Start importing Assets/Resources/Prefabs/Worlds/World.prefab using Guid(a3fc87cd180d5487fbe27897034bf50b) Importer(815301076,1909f56bfc062723c751e8b465ee728b)  -> (artifact id: '76fc1cdfe71748aa40930895661b6156') in 0.076680 seconds
  Import took 0.085356 seconds .

========================================================================
Received Import Request.
  Time since last request: 1.868178 seconds.
  path: Assets/Resources/Prefabs/Worlds/World.prefab
  artifactKey: Guid(a3fc87cd180d5487fbe27897034bf50b) Importer(815301076,1909f56bfc062723c751e8b465ee728b)
Start importing Assets/Resources/Prefabs/Worlds/World.prefab using Guid(a3fc87cd180d5487fbe27897034bf50b) Importer(815301076,1909f56bfc062723c751e8b465ee728b)  -> (artifact id: 'cc8a6c34fa6d190c69a5b7f89d0582f5') in 0.017704 seconds
  Import took 0.030684 seconds .

========================================================================
Received Import Request.
  Time since last request: 7.172680 seconds.
  path: Assets/Resources/Prefabs/Worlds/World.prefab
  artifactKey: Guid(a3fc87cd180d5487fbe27897034bf50b) Importer(815301076,1909f56bfc062723c751e8b465ee728b)
Start importing Assets/Resources/Prefabs/Worlds/World.prefab using Guid(a3fc87cd180d5487fbe27897034bf50b) Importer(815301076,1909f56bfc062723c751e8b465ee728b)  -> (artifact id: '4fe424e26b4f924abf69b7cd3c947514') in 0.013082 seconds
  Import took 0.022598 seconds .

========================================================================
Received Prepare
Registering precompiled user dll's ...
Registered in 0.000896 seconds.
Begin MonoManager ReloadAssembly
Native extension for OSXStandalone target not found
Refreshing native plugins compatible for Editor in 0.50 ms, found 1 plugins.
Preloading 0 native plugins for Editor in 0.00 ms.
Invoked RoslynAnalysisRunner static constructor.
RoslynAnalysisRunner will not be running.
RoslynAnalysisRunner has terminated.
Mono: successfully reloaded assembly
- Completed reload, in  1.103 seconds
Platform modules already initialized, skipping
Shader 'Universal Render Pipeline/Particles/Lit': fallback shader 'Universal Render Pipeline/Particles/SimpleLit' not found
Refreshing native plugins compatible for Editor in 2.47 ms, found 1 plugins.
Preloading 0 native plugins for Editor in 0.00 ms.
Unloading 2302 Unused Serialized files (Serialized files now loaded: 0)
System memory in use before: 210.5 MB.
System memory in use after: 210.7 MB.

Unloading 7 unused Assets to reduce memory usage. Loaded Objects now: 2982.
Total: 2.600128 ms (FindLiveObjects: 0.358161 ms CreateObjectMapping: 0.132641 ms MarkObjects: 2.083360 ms  DeleteObjects: 0.024463 ms)

========================================================================
Received Prepare
Registering precompiled user dll's ...
Registered in 0.001246 seconds.
Begin MonoManager ReloadAssembly
Native extension for OSXStandalone target not found
Refreshing native plugins compatible for Editor in 0.44 ms, found 1 plugins.
Preloading 0 native plugins for Editor in 0.00 ms.
Invoked RoslynAnalysisRunner static constructor.
RoslynAnalysisRunner will not be running.
RoslynAnalysisRunner has terminated.
Mono: successfully reloaded assembly
- Completed reload, in  1.022 seconds
Platform modules already initialized, skipping
Shader 'Universal Render Pipeline/Particles/Lit': fallback shader 'Universal Render Pipeline/Particles/SimpleLit' not found
Refreshing native plugins compatible for Editor in 0.41 ms, found 1 plugins.
Preloading 0 native plugins for Editor in 0.00 ms.
Unloading 2302 Unused Serialized files (Serialized files now loaded: 0)
System memory in use before: 210.7 MB.
System memory in use after: 210.9 MB.

Unloading 7 unused Assets to reduce memory usage. Loaded Objects now: 2984.
Total: 2.272708 ms (FindLiveObjects: 0.436701 ms CreateObjectMapping: 0.134785 ms MarkObjects: 1.681311 ms  DeleteObjects: 0.018478 ms)

========================================================================
Received Prepare
Registering precompiled user dll's ...
Registered in 0.000938 seconds.
Begin MonoManager ReloadAssembly
Native extension for OSXStandalone target not found
Refreshing native plugins compatible for Editor in 0.68 ms, found 1 plugins.
Preloading 0 native plugins for Editor in 0.00 ms.
Invoked RoslynAnalysisRunner static constructor.
RoslynAnalysisRunner will not be running.
RoslynAnalysisRunner has terminated.
Mono: successfully reloaded assembly
- Completed reload, in  1.020 seconds
Platform modules already initialized, skipping
Shader 'Universal Render Pipeline/Particles/Lit': fallback shader 'Universal Render Pipeline/Particles/SimpleLit' not found
Refreshing native plugins compatible for Editor in 0.60 ms, found 1 plugins.
Preloading 0 native plugins for Editor in 0.00 ms.
Unloading 2302 Unused Serialized files (Serialized files now loaded: 0)
System memory in use before: 210.9 MB.
System memory in use after: 211.1 MB.

Unloading 7 unused Assets to reduce memory usage. Loaded Objects now: 2986.
Total: 2.094865 ms (FindLiveObjects: 0.290381 ms CreateObjectMapping: 0.114693 ms MarkObjects: 1.673640 ms  DeleteObjects: 0.014937 ms)

========================================================================
Received Prepare
Registering precompiled user dll's ...
Registered in 0.005653 seconds.
Begin MonoManager ReloadAssembly
Native extension for OSXStandalone target not found
Refreshing native plugins compatible for Editor in 0.44 ms, found 1 plugins.
Preloading 0 native plugins for Editor in 0.00 ms.
Invoked RoslynAnalysisRunner static constructor.
RoslynAnalysisRunner will not be running.
RoslynAnalysisRunner has terminated.
Mono: successfully reloaded assembly
- Completed reload, in  1.046 seconds
Platform modules already initialized, skipping
Shader 'Universal Render Pipeline/Particles/Lit': fallback shader 'Universal Render Pipeline/Particles/SimpleLit' not found
Refreshing native plugins compatible for Editor in 0.51 ms, found 1 plugins.
Preloading 0 native plugins for Editor in 0.00 ms.
Unloading 2302 Unused Serialized files (Serialized files now loaded: 0)
System memory in use before: 211.1 MB.
System memory in use after: 211.3 MB.

Unloading 7 unused Assets to reduce memory usage. Loaded Objects now: 2988.
Total: 2.106701 ms (FindLiveObjects: 0.382842 ms CreateObjectMapping: 0.095466 ms MarkObjects: 1.614112 ms  DeleteObjects: 0.012911 ms)

